# JRE version: OpenJDK Runtime Environment (11.0.12+7) (build 11.0.12+7-b1504.28-7817840)
# Java VM: OpenJDK 64-Bit Server VM (11.0.12+7-b1504.28-7817840, mixed mode, tiered, compressed oops, g1 gc, windows-amd64)
Heap:
 garbage-first heap   total 283648K, used 126611K [0x0000000080000000, 0x0000000100000000)
  region size 1024K, 29 young (29696K), 6 survivors (6144K)
 Metaspace       used 127979K, capacity 131023K, committed 132524K, reserved 1165312K
  class space    used 15838K, capacity 17053K, committed 17664K, reserved 1048576K
GC Heap History (20 events):
Event: 6346.261 GC heap before
{Heap before GC invocations=60 (full 0):
 garbage-first heap   total 227328K, used 132952K [0x0000000080000000, 0x0000000100000000)
  region size 1024K, 12 young (12288K), 7 survivors (7168K)
 Metaspace       used 123782K, capacity 126872K, committed 128428K, reserved 1161216K
  class space    used 15595K, capacity 16812K, committed 17408K, reserved 1048576K
}
Event: 6346.285 GC heap after
{Heap after GC invocations=61 (full 0):
 garbage-first heap   total 227328K, used 113527K [0x0000000080000000, 0x0000000100000000)
  region size 1024K, 2 young (2048K), 2 survivors (2048K)
 Metaspace       used 123782K, capacity 126872K, committed 128428K, reserved 1161216K
  class space    used 15595K, capacity 16812K, committed 17408K, reserved 1048576K
}
Event: 6346.512 GC heap before
{Heap before GC invocations=61 (full 0):
 garbage-first heap   total 227328K, used 121719K [0x0000000080000000, 0x0000000100000000)
  region size 1024K, 11 young (11264K), 2 survivors (2048K)
 Metaspace       used 124452K, capacity 127606K, committed 129196K, reserved 1161216K
  class space    used 15630K, capacity 16850K, committed 17408K, reserved 1048576K
}
Event: 6346.521 GC heap after
{Heap after GC invocations=62 (full 0):
 garbage-first heap   total 227328K, used 111971K [0x0000000080000000, 0x0000000100000000)
  region size 1024K, 2 young (2048K), 2 survivors (2048K)
 Metaspace       used 124452K, capacity 127606K, committed 129196K, reserved 1161216K
  class space    used 15630K, capacity 16850K, committed 17408K, reserved 1048576K
}
Event: 6346.962 GC heap before
{Heap before GC invocations=62 (full 0):
 garbage-first heap   total 227328K, used 149859K [0x0000000080000000, 0x0000000100000000)
  region size 1024K, 40 young (40960K), 2 survivors (2048K)
 Metaspace       used 126244K, capacity 129405K, committed 131116K, reserved 1163264K
  class space    used 15766K, capacity 16979K, committed 17536K, reserved 1048576K
}
Event: 6346.992 GC heap after
{Heap after GC invocations=63 (full 0):
 garbage-first heap   total 227328K, used 117308K [0x0000000080000000, 0x0000000100000000)
  region size 1024K, 5 young (5120K), 5 survivors (5120K)
 Metaspace       used 126244K, capacity 129405K, committed 131116K, reserved 1163264K
  class space    used 15766K, capacity 16979K, committed 17536K, reserved 1048576K
}
Event: 6347.186 GC heap before
{Heap before GC invocations=64 (full 0):
 garbage-first heap   total 227328K, used 132668K [0x0000000080000000, 0x0000000100000000)
  region size 1024K, 21 young (21504K), 5 survivors (5120K)
 Metaspace       used 126910K, capacity 130013K, committed 131756K, reserved 1163264K
  class space    used 15813K, capacity 17011K, committed 17664K, reserved 1048576K
}
Event: 6347.195 GC heap after
{Heap after GC invocations=65 (full 0):
 garbage-first heap   total 227328K, used 114097K [0x0000000080000000, 0x0000000100000000)
  region size 1024K, 1 young (1024K), 1 survivors (1024K)
 Metaspace       used 126910K, capacity 130013K, committed 131756K, reserved 1163264K
  class space    used 15813K, capacity 17011K, committed 17664K, reserved 1048576K
}
Event: 6347.257 GC heap before
{Heap before GC invocations=65 (full 0):
 garbage-first heap   total 227328K, used 123313K [0x0000000080000000, 0x0000000100000000)
  region size 1024K, 11 young (11264K), 1 survivors (1024K)
 Metaspace       used 126912K, capacity 130077K, committed 131756K, reserved 1163264K
  class space    used 15813K, capacity 17011K, committed 17664K, reserved 1048576K
}
Event: 6347.270 GC heap after
{Heap after GC invocations=66 (full 0):
 garbage-first heap   total 227328K, used 101195K [0x0000000080000000, 0x0000000100000000)
  region size 1024K, 2 young (2048K), 2 survivors (2048K)
 Metaspace       used 126912K, capacity 130077K, committed 131756K, reserved 1163264K
  class space    used 15813K, capacity 17011K, committed 17664K, reserved 1048576K
}
Event: 6347.446 GC heap before
{Heap before GC invocations=66 (full 0):
 garbage-first heap   total 227328K, used 110411K [0x0000000080000000, 0x0000000100000000)
  region size 1024K, 11 young (11264K), 2 survivors (2048K)
 Metaspace       used 126987K, capacity 130120K, committed 131756K, reserved 1163264K
  class space    used 15817K, capacity 17018K, committed 17664K, reserved 1048576K
}
Event: 6347.457 GC heap after
{Heap after GC invocations=67 (full 0):
 garbage-first heap   total 227328K, used 101947K [0x0000000080000000, 0x0000000100000000)
  region size 1024K, 2 young (2048K), 2 survivors (2048K)
 Metaspace       used 126987K, capacity 130120K, committed 131756K, reserved 1163264K
  class space    used 15817K, capacity 17018K, committed 17664K, reserved 1048576K
}
Event: 6352.351 GC heap before
{Heap before GC invocations=67 (full 0):
 garbage-first heap   total 227328K, used 149051K [0x0000000080000000, 0x0000000100000000)
  region size 1024K, 49 young (50176K), 2 survivors (2048K)
 Metaspace       used 127082K, capacity 130232K, committed 131756K, reserved 1163264K
  class space    used 15822K, capacity 17026K, committed 17664K, reserved 1048576K
}
Event: 6352.368 GC heap after
{Heap after GC invocations=68 (full 0):
 garbage-first heap   total 283648K, used 102298K [0x0000000080000000, 0x0000000100000000)
  region size 1024K, 2 young (2048K), 2 survivors (2048K)
 Metaspace       used 127082K, capacity 130232K, committed 131756K, reserved 1163264K
  class space    used 15822K, capacity 17026K, committed 17664K, reserved 1048576K
}
Event: 6354.239 GC heap before
{Heap before GC invocations=69 (full 0):
 garbage-first heap   total 283648K, used 183194K [0x0000000080000000, 0x0000000100000000)
  region size 1024K, 78 young (79872K), 2 survivors (2048K)
 Metaspace       used 127578K, capacity 130629K, committed 132268K, reserved 1163264K
  class space    used 15828K, capacity 17038K, committed 17664K, reserved 1048576K
}
Event: 6354.247 GC heap after
{Heap after GC invocations=70 (full 0):
 garbage-first heap   total 283648K, used 107361K [0x0000000080000000, 0x0000000100000000)
  region size 1024K, 7 young (7168K), 7 survivors (7168K)
 Metaspace       used 127578K, capacity 130629K, committed 132268K, reserved 1163264K
  class space    used 15828K, capacity 17038K, committed 17664K, reserved 1048576K
}
Event: 6354.263 GC heap before
{Heap before GC invocations=70 (full 0):
 garbage-first heap   total 283648K, used 112481K [0x0000000080000000, 0x0000000100000000)
  region size 1024K, 13 young (13312K), 7 survivors (7168K)
 Metaspace       used 127635K, capacity 130694K, committed 132268K, reserved 1163264K
  class space    used 15828K, capacity 17038K, committed 17664K, reserved 1048576K
}
Event: 6354.278 GC heap after
{Heap after GC invocations=71 (full 0):
 garbage-first heap   total 283648K, used 100046K [0x0000000080000000, 0x0000000100000000)
  region size 1024K, 2 young (2048K), 2 survivors (2048K)
 Metaspace       used 127635K, capacity 130694K, committed 132268K, reserved 1163264K
  class space    used 15828K, capacity 17038K, committed 17664K, reserved 1048576K
}
Event: 6354.604 GC heap before
{Heap before GC invocations=71 (full 0):
 garbage-first heap   total 283648K, used 160462K [0x0000000080000000, 0x0000000100000000)
  region size 1024K, 63 young (64512K), 2 survivors (2048K)
 Metaspace       used 127871K, capacity 130917K, committed 132524K, reserved 1165312K
  class space    used 15835K, capacity 17047K, committed 17664K, reserved 1048576K
}
Event: 6354.614 GC heap after
{Heap after GC invocations=72 (full 0):
 garbage-first heap   total 283648K, used 104083K [0x0000000080000000, 0x0000000100000000)
  region size 1024K, 6 young (6144K), 6 survivors (6144K)
 Metaspace       used 127871K, capacity 130917K, committed 132524K, reserved 1165312K
  class space    used 15835K, capacity 17047K, committed 17664K, reserved 1048576K
}

