# JRE version: OpenJDK Runtime Environment (11.0.12+7) (build 11.0.12+7-b1504.28-7817840)
# Java VM: OpenJDK 64-Bit Server VM (11.0.12+7-b1504.28-7817840, mixed mode, tiered, compressed oops, g1 gc, windows-amd64)
Heap:
 garbage-first heap   total 677888K, used 204593K [0x0000000080000000, 0x0000000100000000)
  region size 1024K, 7 young (7168K), 7 survivors (7168K)
 Metaspace       used 116237K, capacity 119296K, committed 119596K, reserved 1153024K
  class space    used 14804K, capacity 15925K, committed 16000K, reserved 1048576K
GC Heap History (20 events):
Event: 33.996 GC heap after
{Heap after GC invocations=38 (full 0):
 garbage-first heap   total 189440K, used 86601K [0x0000000080000000, 0x0000000100000000)
  region size 1024K, 1 young (1024K), 1 survivors (1024K)
 Metaspace       used 92762K, capacity 94866K, committed 95404K, reserved 1132544K
  class space    used 11767K, capacity 12587K, committed 12800K, reserved 1048576K
}
Event: 34.020 GC heap before
{Heap before GC invocations=38 (full 0):
 garbage-first heap   total 189440K, used 87625K [0x0000000080000000, 0x0000000100000000)
  region size 1024K, 4 young (4096K), 1 survivors (1024K)
 Metaspace       used 92776K, capacity 94866K, committed 95404K, reserved 1132544K
  class space    used 11767K, capacity 12587K, committed 12800K, reserved 1048576K
}
Event: 34.027 GC heap after
{Heap after GC invocations=39 (full 0):
 garbage-first heap   total 189440K, used 86853K [0x0000000080000000, 0x0000000100000000)
  region size 1024K, 2 young (2048K), 2 survivors (2048K)
 Metaspace       used 92776K, capacity 94866K, committed 95404K, reserved 1132544K
  class space    used 11767K, capacity 12587K, committed 12800K, reserved 1048576K
}
Event: 34.654 GC heap before
{Heap before GC invocations=40 (full 0):
 garbage-first heap   total 189440K, used 159557K [0x0000000080000000, 0x0000000100000000)
  region size 1024K, 40 young (40960K), 2 survivors (2048K)
 Metaspace       used 93635K, capacity 95806K, committed 96556K, reserved 1132544K
  class space    used 11833K, capacity 12659K, committed 12928K, reserved 1048576K
}
Event: 34.666 GC heap after
{Heap after GC invocations=41 (full 0):
 garbage-first heap   total 227328K, used 88624K [0x0000000080000000, 0x0000000100000000)
  region size 1024K, 3 young (3072K), 3 survivors (3072K)
 Metaspace       used 93635K, capacity 95806K, committed 96556K, reserved 1132544K
  class space    used 11833K, capacity 12659K, committed 12928K, reserved 1048576K
}
Event: 34.881 GC heap before
{Heap before GC invocations=41 (full 0):
 garbage-first heap   total 227328K, used 95792K [0x0000000080000000, 0x0000000100000000)
  region size 1024K, 11 young (11264K), 3 survivors (3072K)
 Metaspace       used 93902K, capacity 96034K, committed 96556K, reserved 1132544K
  class space    used 11866K, capacity 12692K, committed 12928K, reserved 1048576K
}
Event: 34.958 GC heap after
{Heap after GC invocations=42 (full 0):
 garbage-first heap   total 227328K, used 89230K [0x0000000080000000, 0x0000000100000000)
  region size 1024K, 1 young (1024K), 1 survivors (1024K)
 Metaspace       used 93902K, capacity 96034K, committed 96556K, reserved 1132544K
  class space    used 11866K, capacity 12692K, committed 12928K, reserved 1048576K
}
Event: 36.258 GC heap before
{Heap before GC invocations=42 (full 0):
 garbage-first heap   total 227328K, used 144526K [0x0000000080000000, 0x0000000100000000)
  region size 1024K, 56 young (57344K), 1 survivors (1024K)
 Metaspace       used 95423K, capacity 97598K, committed 97964K, reserved 1134592K
  class space    used 12017K, capacity 12872K, committed 13056K, reserved 1048576K
}
Event: 36.267 GC heap after
{Heap after GC invocations=43 (full 0):
 garbage-first heap   total 227328K, used 91801K [0x0000000080000000, 0x0000000100000000)
  region size 1024K, 4 young (4096K), 4 survivors (4096K)
 Metaspace       used 95423K, capacity 97598K, committed 97964K, reserved 1134592K
  class space    used 12017K, capacity 12872K, committed 13056K, reserved 1048576K
}
Event: 37.436 GC heap before
{Heap before GC invocations=43 (full 0):
 garbage-first heap   total 227328K, used 152217K [0x0000000080000000, 0x0000000100000000)
  region size 1024K, 63 young (64512K), 4 survivors (4096K)
 Metaspace       used 99362K, capacity 101596K, committed 102060K, reserved 1138688K
  class space    used 12522K, capacity 13330K, committed 13568K, reserved 1048576K
}
Event: 37.444 GC heap after
{Heap after GC invocations=44 (full 0):
 garbage-first heap   total 227328K, used 94617K [0x0000000080000000, 0x0000000100000000)
  region size 1024K, 6 young (6144K), 6 survivors (6144K)
 Metaspace       used 99362K, capacity 101596K, committed 102060K, reserved 1138688K
  class space    used 12522K, capacity 13330K, committed 13568K, reserved 1048576K
}
Event: 38.242 GC heap before
{Heap before GC invocations=44 (full 0):
 garbage-first heap   total 227328K, used 158105K [0x0000000080000000, 0x0000000100000000)
  region size 1024K, 69 young (70656K), 6 survivors (6144K)
 Metaspace       used 101273K, capacity 103544K, committed 103724K, reserved 1138688K
  class space    used 12745K, capacity 13564K, committed 13696K, reserved 1048576K
}
Event: 38.269 GC heap after
{Heap after GC invocations=45 (full 0):
 garbage-first heap   total 347136K, used 100231K [0x0000000080000000, 0x0000000100000000)
  region size 1024K, 9 young (9216K), 9 survivors (9216K)
 Metaspace       used 101273K, capacity 103544K, committed 103724K, reserved 1138688K
  class space    used 12745K, capacity 13564K, committed 13696K, reserved 1048576K
}
Event: 40.688 GC heap before
{Heap before GC invocations=45 (full 0):
 garbage-first heap   total 347136K, used 209799K [0x0000000080000000, 0x0000000100000000)
  region size 1024K, 117 young (119808K), 9 survivors (9216K)
 Metaspace       used 107642K, capacity 110027K, committed 110252K, reserved 1144832K
  class space    used 13617K, capacity 14530K, committed 14592K, reserved 1048576K
}
Event: 40.743 GC heap after
{Heap after GC invocations=46 (full 0):
 garbage-first heap   total 347136K, used 104698K [0x0000000080000000, 0x0000000100000000)
  region size 1024K, 10 young (10240K), 10 survivors (10240K)
 Metaspace       used 107642K, capacity 110027K, committed 110252K, reserved 1144832K
  class space    used 13617K, capacity 14530K, committed 14592K, reserved 1048576K
}
Event: 44.819 GC heap before
{Heap before GC invocations=46 (full 0):
 garbage-first heap   total 347136K, used 274682K [0x0000000080000000, 0x0000000100000000)
  region size 1024K, 145 young (148480K), 10 survivors (10240K)
 Metaspace       used 115268K, capacity 118136K, committed 118444K, reserved 1153024K
  class space    used 14708K, capacity 15796K, committed 15872K, reserved 1048576K
}
Event: 44.939 GC heap after
{Heap after GC invocations=47 (full 0):
 garbage-first heap   total 347136K, used 148737K [0x0000000080000000, 0x0000000100000000)
  region size 1024K, 19 young (19456K), 19 survivors (19456K)
 Metaspace       used 115268K, capacity 118136K, committed 118444K, reserved 1153024K
  class space    used 14708K, capacity 15796K, committed 15872K, reserved 1048576K
}
Event: 45.481 GC heap before
{Heap before GC invocations=47 (full 0):
 garbage-first heap   total 347136K, used 253185K [0x0000000080000000, 0x0000000100000000)
  region size 1024K, 122 young (124928K), 19 survivors (19456K)
 Metaspace       used 115675K, capacity 118514K, committed 118700K, reserved 1153024K
  class space    used 14721K, capacity 15802K, committed 15872K, reserved 1048576K
}
Event: 45.694 GC heap after
{Heap after GC invocations=48 (full 0):
 garbage-first heap   total 347136K, used 195755K [0x0000000080000000, 0x0000000100000000)
  region size 1024K, 16 young (16384K), 16 survivors (16384K)
 Metaspace       used 115675K, capacity 118514K, committed 118700K, reserved 1153024K
  class space    used 14721K, capacity 15802K, committed 15872K, reserved 1048576K
}
Event: 46.643 GC heap before
{Heap before GC invocations=48 (full 0):
 garbage-first heap   total 347136K, used 253099K [0x0000000080000000, 0x0000000100000000)
  region size 1024K, 74 young (75776K), 16 survivors (16384K)
 Metaspace       used 116237K, capacity 119296K, committed 119596K, reserved 1153024K
  class space    used 14804K, capacity 15925K, committed 16000K, reserved 1048576K
}

